{"/spotify-radio/server/config/index.js": {"path":"/spotify-radio/server/config/index.js","statementMap":{"0":{"start":{"line":2,"column":25},"end":{"line":2,"column":40}},"1":{"start":{"line":3,"column":41},"end":{"line":3,"column":55}},"2":{"start":{"line":4,"column":23},"end":{"line":4,"column":82}},"3":{"start":{"line":5,"column":20},"end":{"line":5,"column":47}},"4":{"start":{"line":6,"column":21},"end":{"line":6,"column":47}},"5":{"start":{"line":7,"column":22},"end":{"line":7,"column":49}},"6":{"start":{"line":9,"column":24},"end":{"line":31,"column":1}},"7":{"start":{"line":33,"column":0},"end":{"line":33,"column":33}}},"fnMap":{},"branchMap":{"0":{"loc":{"start":{"line":10,"column":10},"end":{"line":10,"column":34}},"type":"binary-expr","locations":[{"start":{"line":10,"column":10},"end":{"line":10,"column":26}},{"start":{"line":10,"column":30},"end":{"line":10,"column":34}}],"line":10}},"s":{"0":1,"1":1,"2":1,"3":1,"4":1,"5":1,"6":1,"7":1},"f":{},"b":{"0":[1,0]},"_coverageSchema":"1a1c01bbd47fc00a2c39e90264f33305004495a9","hash":"2173e960b544457bb594eae09920d835f42981d0"}
,"/spotify-radio/server/controller/index.js": {"path":"/spotify-radio/server/controller/index.js","statementMap":{"0":{"start":{"line":2,"column":17},"end":{"line":2,"column":38}},"1":{"start":{"line":3,"column":19},"end":{"line":3,"column":41}},"2":{"start":{"line":5,"column":0},"end":{"line":5,"column":28}}},"fnMap":{},"branchMap":{},"s":{"0":1,"1":1,"2":1},"f":{},"b":{},"_coverageSchema":"1a1c01bbd47fc00a2c39e90264f33305004495a9","hash":"626ef4614713c74b1eb23a1262bb7b2a8a78520e"}
,"/spotify-radio/server/error/index.js": {"path":"/spotify-radio/server/error/index.js","statementMap":{"0":{"start":{"line":3,"column":15},"end":{"line":3,"column":40}},"1":{"start":{"line":5,"column":21},"end":{"line":19,"column":1}},"2":{"start":{"line":7,"column":8},"end":{"line":12,"column":9}},"3":{"start":{"line":8,"column":12},"end":{"line":8,"column":58}},"4":{"start":{"line":9,"column":12},"end":{"line":9,"column":36}},"5":{"start":{"line":11,"column":12},"end":{"line":11,"column":34}},"6":{"start":{"line":14,"column":8},"end":{"line":14,"column":59}},"7":{"start":{"line":15,"column":8},"end":{"line":15,"column":32}},"8":{"start":{"line":17,"column":8},"end":{"line":17,"column":30}},"9":{"start":{"line":21,"column":0},"end":{"line":21,"column":30}}},"fnMap":{"0":{"name":"(anonymous_0)","decl":{"start":{"line":6,"column":13},"end":{"line":6,"column":14}},"loc":{"start":{"line":6,"column":39},"end":{"line":18,"column":5}},"line":6}},"branchMap":{"0":{"loc":{"start":{"line":7,"column":8},"end":{"line":12,"column":9}},"type":"if","locations":[{"start":{"line":7,"column":8},"end":{"line":12,"column":9}},{"start":{},"end":{}}],"line":7}},"s":{"0":1,"1":1,"2":2,"3":1,"4":1,"5":1,"6":1,"7":1,"8":1,"9":1},"f":{"0":2},"b":{"0":[1,1]},"_coverageSchema":"1a1c01bbd47fc00a2c39e90264f33305004495a9","hash":"7aea255f97d656eb4c840270e1ff94f011b5f047"}
,"/spotify-radio/server/routes/index.js": {"path":"/spotify-radio/server/routes/index.js","statementMap":{"0":{"start":{"line":2,"column":15},"end":{"line":2,"column":40}},"1":{"start":{"line":3,"column":15},"end":{"line":3,"column":35}},"2":{"start":{"line":4,"column":21},"end":{"line":4,"column":40}},"3":{"start":{"line":5,"column":19},"end":{"line":5,"column":43}},"4":{"start":{"line":6,"column":22},"end":{"line":52,"column":1}},"5":{"start":{"line":8,"column":8},"end":{"line":9,"column":67}},"6":{"start":{"line":9,"column":28},"end":{"line":9,"column":65}},"7":{"start":{"line":13,"column":32},"end":{"line":13,"column":39}},"8":{"start":{"line":15,"column":8},"end":{"line":21,"column":9}},"9":{"start":{"line":16,"column":12},"end":{"line":18,"column":14}},"10":{"start":{"line":20,"column":12},"end":{"line":20,"column":34}},"11":{"start":{"line":23,"column":8},"end":{"line":27,"column":9}},"12":{"start":{"line":24,"column":31},"end":{"line":24,"column":84}},"13":{"start":{"line":26,"column":12},"end":{"line":26,"column":41}},"14":{"start":{"line":29,"column":8},"end":{"line":33,"column":9}},"15":{"start":{"line":30,"column":31},"end":{"line":30,"column":90}},"16":{"start":{"line":32,"column":12},"end":{"line":32,"column":41}},"17":{"start":{"line":35,"column":8},"end":{"line":46,"column":9}},"18":{"start":{"line":36,"column":41},"end":{"line":36,"column":76}},"19":{"start":{"line":37,"column":32},"end":{"line":37,"column":71}},"20":{"start":{"line":39,"column":12},"end":{"line":43,"column":13}},"21":{"start":{"line":40,"column":16},"end":{"line":42,"column":18}},"22":{"start":{"line":45,"column":12},"end":{"line":45,"column":41}},"23":{"start":{"line":48,"column":8},"end":{"line":48,"column":31}},"24":{"start":{"line":50,"column":8},"end":{"line":50,"column":29}},"25":{"start":{"line":54,"column":0},"end":{"line":54,"column":31}}},"fnMap":{"0":{"name":"(anonymous_0)","decl":{"start":{"line":7,"column":13},"end":{"line":7,"column":14}},"loc":{"start":{"line":7,"column":49},"end":{"line":10,"column":5}},"line":7},"1":{"name":"(anonymous_1)","decl":{"start":{"line":9,"column":19},"end":{"line":9,"column":20}},"loc":{"start":{"line":9,"column":28},"end":{"line":9,"column":65}},"line":9},"2":{"name":"(anonymous_2)","decl":{"start":{"line":12,"column":12},"end":{"line":12,"column":13}},"loc":{"start":{"line":12,"column":47},"end":{"line":51,"column":5}},"line":12}},"branchMap":{"0":{"loc":{"start":{"line":15,"column":8},"end":{"line":21,"column":9}},"type":"if","locations":[{"start":{"line":15,"column":8},"end":{"line":21,"column":9}},{"start":{},"end":{}}],"line":15},"1":{"loc":{"start":{"line":15,"column":11},"end":{"line":15,"column":42}},"type":"binary-expr","locations":[{"start":{"line":15,"column":11},"end":{"line":15,"column":27}},{"start":{"line":15,"column":31},"end":{"line":15,"column":42}}],"line":15},"2":{"loc":{"start":{"line":23,"column":8},"end":{"line":27,"column":9}},"type":"if","locations":[{"start":{"line":23,"column":8},"end":{"line":27,"column":9}},{"start":{},"end":{}}],"line":23},"3":{"loc":{"start":{"line":23,"column":12},"end":{"line":23,"column":47}},"type":"binary-expr","locations":[{"start":{"line":23,"column":12},"end":{"line":23,"column":28}},{"start":{"line":23,"column":32},"end":{"line":23,"column":47}}],"line":23},"4":{"loc":{"start":{"line":29,"column":8},"end":{"line":33,"column":9}},"type":"if","locations":[{"start":{"line":29,"column":8},"end":{"line":33,"column":9}},{"start":{},"end":{}}],"line":29},"5":{"loc":{"start":{"line":29,"column":12},"end":{"line":29,"column":53}},"type":"binary-expr","locations":[{"start":{"line":29,"column":12},"end":{"line":29,"column":28}},{"start":{"line":29,"column":32},"end":{"line":29,"column":53}}],"line":29},"6":{"loc":{"start":{"line":35,"column":8},"end":{"line":46,"column":9}},"type":"if","locations":[{"start":{"line":35,"column":8},"end":{"line":46,"column":9}},{"start":{},"end":{}}],"line":35},"7":{"loc":{"start":{"line":39,"column":12},"end":{"line":43,"column":13}},"type":"if","locations":[{"start":{"line":39,"column":12},"end":{"line":43,"column":13}},{"start":{},"end":{}}],"line":39}},"s":{"0":1,"1":1,"2":1,"3":1,"4":1,"5":8,"6":2,"7":8,"8":8,"9":1,"10":1,"11":7,"12":1,"13":1,"14":6,"15":1,"16":1,"17":5,"18":4,"19":2,"20":2,"21":0,"22":2,"23":1,"24":1,"25":1},"f":{"0":8,"1":2,"2":8},"b":{"0":[1,7],"1":[8,7],"2":[1,6],"3":[7,6],"4":[1,5],"5":[6,5],"6":[4,1],"7":[0,2]},"_coverageSchema":"1a1c01bbd47fc00a2c39e90264f33305004495a9","hash":"dff6eb6af6fa3d040222ef1b5bc0e213066fb404"}
,"/spotify-radio/server/server/util.js": {"path":"/spotify-radio/server/server/util.js","statementMap":{"0":{"start":{"line":3,"column":13},"end":{"line":3,"column":28}},"1":{"start":{"line":4,"column":15},"end":{"line":10,"column":2}},"2":{"start":{"line":12,"column":0},"end":{"line":12,"column":24}}},"fnMap":{},"branchMap":{},"s":{"0":1,"1":1,"2":1},"f":{},"b":{},"_coverageSchema":"1a1c01bbd47fc00a2c39e90264f33305004495a9","hash":"e208ede61eeac464ad8788a7c8f939d9bb8de00a"}
,"/spotify-radio/server/service/index.js": {"path":"/spotify-radio/server/service/index.js","statementMap":{"0":{"start":{"line":2,"column":26},"end":{"line":2,"column":41}},"1":{"start":{"line":3,"column":19},"end":{"line":3,"column":41}},"2":{"start":{"line":4,"column":11},"end":{"line":4,"column":24}},"3":{"start":{"line":5,"column":15},"end":{"line":5,"column":35}},"4":{"start":{"line":7,"column":17},"end":{"line":34,"column":1}},"5":{"start":{"line":9,"column":8},"end":{"line":9,"column":45}},"6":{"start":{"line":13,"column":29},"end":{"line":13,"column":61}},"7":{"start":{"line":14,"column":8},"end":{"line":14,"column":34}},"8":{"start":{"line":15,"column":8},"end":{"line":15,"column":46}},"9":{"start":{"line":16,"column":25},"end":{"line":16,"column":46}},"10":{"start":{"line":18,"column":8},"end":{"line":21,"column":9}},"11":{"start":{"line":25,"column":39},"end":{"line":25,"column":71}},"12":{"start":{"line":27,"column":8},"end":{"line":30,"column":10}},"13":{"start":{"line":36,"column":0},"end":{"line":36,"column":26}}},"fnMap":{"0":{"name":"(anonymous_0)","decl":{"start":{"line":8,"column":22},"end":{"line":8,"column":23}},"loc":{"start":{"line":8,"column":42},"end":{"line":10,"column":5}},"line":8},"1":{"name":"(anonymous_1)","decl":{"start":{"line":12,"column":17},"end":{"line":12,"column":18}},"loc":{"start":{"line":12,"column":39},"end":{"line":22,"column":5}},"line":12},"2":{"name":"(anonymous_2)","decl":{"start":{"line":24,"column":19},"end":{"line":24,"column":20}},"loc":{"start":{"line":24,"column":41},"end":{"line":31,"column":5}},"line":24}},"branchMap":{},"s":{"0":1,"1":1,"2":1,"3":1,"4":1,"5":0,"6":0,"7":0,"8":0,"9":0,"10":0,"11":0,"12":0,"13":1},"f":{"0":0,"1":0,"2":0},"b":{},"_coverageSchema":"1a1c01bbd47fc00a2c39e90264f33305004495a9","hash":"45ca64e2aa229e6cc4bb9a7eb97226bed5169199"}
,"/spotify-radio/tests/unit/_util/test-util.js": {"path":"/spotify-radio/tests/unit/_util/test-util.js","statementMap":{"0":{"start":{"line":2,"column":17},"end":{"line":2,"column":30}},"1":{"start":{"line":3,"column":15},"end":{"line":3,"column":32}},"2":{"start":{"line":5,"column":18},"end":{"line":49,"column":1}},"3":{"start":{"line":7,"column":8},"end":{"line":15,"column":10}},"4":{"start":{"line":9,"column":14},"end":{"line":11,"column":15}},"5":{"start":{"line":10,"column":16},"end":{"line":10,"column":31}},"6":{"start":{"line":13,"column":14},"end":{"line":13,"column":29}},"7":{"start":{"line":19,"column":8},"end":{"line":25,"column":10}},"8":{"start":{"line":21,"column":14},"end":{"line":21,"column":27}},"9":{"start":{"line":23,"column":14},"end":{"line":23,"column":29}},"10":{"start":{"line":29,"column":30},"end":{"line":29,"column":84}},"11":{"start":{"line":30,"column":31},"end":{"line":30,"column":66}},"12":{"start":{"line":32,"column":21},"end":{"line":43,"column":9}},"13":{"start":{"line":44,"column":8},"end":{"line":47,"column":9}},"14":{"start":{"line":45,"column":26},"end":{"line":45,"column":45}},"15":{"start":{"line":51,"column":0},"end":{"line":51,"column":27}}},"fnMap":{"0":{"name":"(anonymous_0)","decl":{"start":{"line":6,"column":28},"end":{"line":6,"column":29}},"loc":{"start":{"line":6,"column":44},"end":{"line":16,"column":5}},"line":6},"1":{"name":"(anonymous_1)","decl":{"start":{"line":8,"column":12},"end":{"line":8,"column":13}},"loc":{"start":{"line":8,"column":19},"end":{"line":14,"column":13}},"line":8},"2":{"name":"(anonymous_2)","decl":{"start":{"line":18,"column":29},"end":{"line":18,"column":30}},"loc":{"start":{"line":18,"column":47},"end":{"line":26,"column":5}},"line":18},"3":{"name":"(anonymous_3)","decl":{"start":{"line":20,"column":12},"end":{"line":20,"column":13}},"loc":{"start":{"line":20,"column":34},"end":{"line":24,"column":13}},"line":20},"4":{"name":"(anonymous_4)","decl":{"start":{"line":28,"column":25},"end":{"line":28,"column":26}},"loc":{"start":{"line":28,"column":36},"end":{"line":48,"column":5}},"line":28},"5":{"name":"(anonymous_5)","decl":{"start":{"line":45,"column":20},"end":{"line":45,"column":21}},"loc":{"start":{"line":45,"column":26},"end":{"line":45,"column":45}},"line":45}},"branchMap":{},"s":{"0":1,"1":1,"2":1,"3":13,"4":0,"5":0,"6":0,"7":8,"8":0,"9":0,"10":8,"11":8,"12":8,"13":8,"14":8,"15":1},"f":{"0":13,"1":0,"2":8,"3":0,"4":8,"5":8},"b":{},"_coverageSchema":"1a1c01bbd47fc00a2c39e90264f33305004495a9","hash":"2f8b6685e6e7363ed401e8f40aae25c3ed9a670d"}
}
