TN:
SF:server/config/index.js
FNF:0
FNH:0
DA:2,1
DA:3,1
DA:4,1
DA:5,1
DA:6,1
DA:7,1
DA:9,1
DA:33,1
LF:8
LH:8
BRDA:10,0,0,1
BRDA:10,0,1,1
BRF:2
BRH:2
end_of_record
TN:
SF:server/controller/index.js
FNF:0
FNH:0
DA:2,1
DA:3,1
DA:5,1
LF:3
LH:3
BRF:0
BRH:0
end_of_record
TN:
SF:server/error/index.js
FN:6,(anonymous_0)
FNF:1
FNH:1
FNDA:2,(anonymous_0)
DA:3,1
DA:5,1
DA:7,2
DA:8,2
DA:9,1
DA:10,1
DA:12,1
DA:15,1
DA:16,1
DA:18,1
DA:22,1
LF:11
LH:11
BRDA:8,0,0,1
BRDA:8,0,1,1
BRF:2
BRH:2
end_of_record
TN:
SF:server/routes/index.js
FN:7,(anonymous_0)
FN:9,(anonymous_1)
FN:12,(anonymous_2)
FNF:3
FNH:3
FNDA:4,(anonymous_0)
FNDA:2,(anonymous_1)
FNDA:4,(anonymous_2)
DA:2,1
DA:3,1
DA:4,1
DA:5,1
DA:6,1
DA:8,4
DA:9,2
DA:13,4
DA:15,4
DA:16,1
DA:20,1
DA:23,3
DA:24,0
DA:26,0
DA:29,3
DA:30,0
DA:32,0
DA:35,3
DA:36,2
DA:37,0
DA:39,0
DA:40,0
DA:45,0
DA:48,1
DA:50,1
DA:54,1
LF:26
LH:18
BRDA:15,0,0,1
BRDA:15,0,1,3
BRDA:15,1,0,4
BRDA:15,1,1,3
BRDA:23,2,0,0
BRDA:23,2,1,3
BRDA:23,3,0,3
BRDA:23,3,1,2
BRDA:29,4,0,0
BRDA:29,4,1,3
BRDA:29,5,0,3
BRDA:29,5,1,2
BRDA:35,6,0,2
BRDA:35,6,1,1
BRDA:39,7,0,0
BRDA:39,7,1,0
BRF:16
BRH:12
end_of_record
TN:
SF:server/server/util.js
FNF:0
FNH:0
DA:3,1
DA:4,1
DA:12,1
LF:3
LH:3
BRF:0
BRH:0
end_of_record
TN:
SF:server/service/index.js
FN:8,(anonymous_0)
FN:12,(anonymous_1)
FN:24,(anonymous_2)
FNF:3
FNH:0
FNDA:0,(anonymous_0)
FNDA:0,(anonymous_1)
FNDA:0,(anonymous_2)
DA:2,1
DA:3,1
DA:4,1
DA:5,1
DA:7,1
DA:9,0
DA:13,0
DA:14,0
DA:15,0
DA:16,0
DA:18,0
DA:25,0
DA:27,0
DA:36,1
LF:14
LH:6
BRF:0
BRH:0
end_of_record
TN:
SF:tests/unit/_util/test-util.js
FN:7,(anonymous_0)
FN:9,(anonymous_1)
FN:25,(anonymous_2)
FN:27,(anonymous_3)
FN:35,(anonymous_4)
FN:55,(anonymous_5)
FNF:6
FNH:4
FNDA:11,(anonymous_0)
FNDA:0,(anonymous_1)
FNDA:7,(anonymous_2)
FNDA:0,(anonymous_3)
FNDA:7,(anonymous_4)
FNDA:4,(anonymous_5)
DA:2,1
DA:3,1
DA:5,1
DA:8,11
DA:9,11
DA:11,0
DA:12,0
DA:16,0
DA:19,0
DA:22,11
DA:26,7
DA:27,7
DA:28,0
DA:29,0
DA:30,0
DA:32,7
DA:37,7
DA:38,7
DA:40,7
DA:54,7
DA:55,4
DA:61,1
LF:22
LH:15
BRF:0
BRH:0
end_of_record
