TN:
SF:server/config/index.js
FNF:0
FNH:0
DA:2,1
DA:3,1
DA:4,1
DA:5,1
DA:6,1
DA:7,1
DA:9,1
DA:33,1
LF:8
LH:8
BRDA:10,0,0,1
BRDA:10,0,1,0
BRF:2
BRH:1
end_of_record
TN:
SF:server/controller/index.js
FNF:0
FNH:0
DA:2,1
DA:3,1
DA:5,1
LF:3
LH:3
BRF:0
BRH:0
end_of_record
TN:
SF:server/error/index.js
FN:6,(anonymous_0)
FNF:1
FNH:1
FNDA:2,(anonymous_0)
DA:3,1
DA:5,1
DA:7,2
DA:8,1
DA:9,1
DA:11,1
DA:14,1
DA:15,1
DA:17,1
DA:21,1
LF:10
LH:10
BRDA:7,0,0,1
BRDA:7,0,1,1
BRF:2
BRH:2
end_of_record
TN:
SF:server/routes/index.js
FN:7,(anonymous_0)
FN:9,(anonymous_1)
FN:12,(anonymous_2)
FNF:3
FNH:3
FNDA:8,(anonymous_0)
FNDA:2,(anonymous_1)
FNDA:8,(anonymous_2)
DA:2,1
DA:3,1
DA:4,1
DA:5,1
DA:6,1
DA:8,8
DA:9,2
DA:13,8
DA:15,8
DA:16,1
DA:20,1
DA:23,7
DA:24,1
DA:26,1
DA:29,6
DA:30,1
DA:32,1
DA:35,5
DA:36,4
DA:37,2
DA:39,2
DA:40,0
DA:45,2
DA:48,1
DA:50,1
DA:54,1
LF:26
LH:25
BRDA:15,0,0,1
BRDA:15,0,1,7
BRDA:15,1,0,8
BRDA:15,1,1,7
BRDA:23,2,0,1
BRDA:23,2,1,6
BRDA:23,3,0,7
BRDA:23,3,1,6
BRDA:29,4,0,1
BRDA:29,4,1,5
BRDA:29,5,0,6
BRDA:29,5,1,5
BRDA:35,6,0,4
BRDA:35,6,1,1
BRDA:39,7,0,0
BRDA:39,7,1,2
BRF:16
BRH:15
end_of_record
TN:
SF:server/server/util.js
FNF:0
FNH:0
DA:3,1
DA:4,1
DA:12,1
LF:3
LH:3
BRF:0
BRH:0
end_of_record
TN:
SF:server/service/index.js
FN:8,(anonymous_0)
FN:12,(anonymous_1)
FN:24,(anonymous_2)
FNF:3
FNH:0
FNDA:0,(anonymous_0)
FNDA:0,(anonymous_1)
FNDA:0,(anonymous_2)
DA:2,1
DA:3,1
DA:4,1
DA:5,1
DA:7,1
DA:9,0
DA:13,0
DA:14,0
DA:15,0
DA:16,0
DA:18,0
DA:25,0
DA:27,0
DA:36,1
LF:14
LH:6
BRF:0
BRH:0
end_of_record
TN:
SF:tests/unit/_util/test-util.js
FN:6,(anonymous_0)
FN:8,(anonymous_1)
FN:18,(anonymous_2)
FN:20,(anonymous_3)
FN:28,(anonymous_4)
FN:45,(anonymous_5)
FNF:6
FNH:4
FNDA:13,(anonymous_0)
FNDA:0,(anonymous_1)
FNDA:8,(anonymous_2)
FNDA:0,(anonymous_3)
FNDA:8,(anonymous_4)
FNDA:8,(anonymous_5)
DA:2,1
DA:3,1
DA:5,1
DA:7,13
DA:9,0
DA:10,0
DA:13,0
DA:19,8
DA:21,0
DA:23,0
DA:29,8
DA:30,8
DA:32,8
DA:44,8
DA:45,8
DA:51,1
LF:16
LH:11
BRF:0
BRH:0
end_of_record
